#
# There is insufficient memory for the Java Runtime Environment to continue.
# Native memory allocation (mmap) failed to map 67108864 bytes for G1 virtual space
# Possible reasons:
#   The system is out of physical RAM or swap space
#   The process is running with CompressedOops enabled, and the Java Heap may be blocking the growth of the native heap
# Possible solutions:
#   Reduce memory load on the system
#   Increase physical memory or swap space
#   Check if swap backing store is full
#   Decrease Java heap size (-Xmx/-Xms)
#   Decrease number of Java threads
#   Decrease Java thread stack sizes (-Xss)
#   Set larger code cache with -XX:ReservedCodeCacheSize=
#   JVM is running with Unscaled Compressed Oops mode in which the Java heap is
#     placed in the first 4GB address space. The Java Heap base address is the
#     maximum limit for the native heap growth. Please use -XX:HeapBaseMinAddress
#     to set the Java Heap base and to place the Java Heap above 4GB virtual address.
# This output file may be truncated or incomplete.
#
#  Out of Memory Error (os_windows.cpp:3535), pid=8824, tid=13336
#
# JRE version:  (17.0.3.1+2) (build )
# Java VM: Java HotSpot(TM) 64-Bit Server VM (17.0.3.1+2-LTS-6, mixed mode, sharing, tiered, compressed oops, compressed class ptrs, g1 gc, windows-amd64)
# No core dump will be written. Minidumps are not enabled by default on client versions of Windows
#

---------------  S U M M A R Y ------------

Command Line: -Dfile.encoding=UTF-8 --module-path=E:\doc\NetBeansProjects\Tourism Management System\build\classes DeleteDetails

Host: Intel(R) Core(TM) i5-3340M CPU @ 2.70GHz, 4 cores, 3G,  Windows 10 , 64 bit Build 18362 (10.0.18362.1)
Time: Fri Jun 10 02:02:16 2022 Pacific Daylight Time elapsed time: 0.055152 seconds (0d 0h 0m 0s)

---------------  T H R E A D  ---------------

Current thread (0x000001d42c90f6b0):  JavaThread "Unknown thread" [_thread_in_vm, id=13336, stack(0x000000662e000000,0x000000662e100000)]

Stack: [0x000000662e000000,0x000000662e100000]
Native frames: (J=compiled Java code, j=interpreted, Vv=VM code, C=native code)
V  [jvm.dll+0x6711ba]
V  [jvm.dll+0x7d0834]
V  [jvm.dll+0x7d1fde]
V  [jvm.dll+0x7d2643]
V  [jvm.dll+0x242c85]
V  [jvm.dll+0x66e0d9]
V  [jvm.dll+0x662a22]
V  [jvm.dll+0x300ddb]
V  [jvm.dll+0x308376]
V  [jvm.dll+0x357f7e]
V  [jvm.dll+0x3581af]
V  [jvm.dll+0x2d7ff8]
V  [jvm.dll+0x2d8f64]
V  [jvm.dll+0x7a2411]
V  [jvm.dll+0x365d01]
V  [jvm.dll+0x78187c]
V  [jvm.dll+0x3e873f]
V  [jvm.dll+0x3ea1e1]
C  [jli.dll+0x527b]
C  [ucrtbase.dll+0x1d912]
C  [KERNEL32.DLL+0x17944]
C  [ntdll.dll+0x6ce71]


---------------  P R O C E S S  ---------------

Threads class SMR info:
_java_thread_list=0x00007ffe0fb59858, length=0, elements={
}

Java Threads: ( => current thread )

Other Threads:
  0x000001d42c94ab40 GCTaskThread "GC Thread#0" [stack: 0x000000662e100000,0x000000662e200000] [id=16332]
  0x000001d42c954ef0 ConcurrentGCThread "G1 Main Marker" [stack: 0x000000662e200000,0x000000662e300000] [id=13904]
  0x000001d42c956820 ConcurrentGCThread "G1 Conc#0" [stack: 0x000000662e300000,0x000000662e400000] [id=16180]

[error occurred during error reporting (printing all threads), id 0xc0000005, EXCEPTION_ACCESS_VIOLATION (0xc0000005) at pc=0x00007ffe0f3a89e7]

VM state: not at safepoint (not fully initialized)

VM Mutex/Monitor currently owned by a thread:  ([mutex/lock_event])
[0x000001d42c90b060] Heap_lock - owner thread: 0x000001d42c90f6b0

Heap address: 0x00000000c1600000, size: 1002 MB, Compressed Oops mode: 32-bit

CDS archive(s) mapped at: [0x0000000000000000-0x0000000000000000-0x0000000000000000), size 0, SharedBaseAddress: 0x0000000800000000, ArchiveRelocationMode: 0.
Narrow klass base: 0x0000000000000000, Narrow klass shift: 0, Narrow klass range: 0x0

GC Precious Log:
<Empty>

Heap:
 garbage-first heap   total 0K, used 0K [0x00000000c1600000, 0x0000000100000000)
  region size 1024K, 0 young (0K), 0 survivors (0K)

[error occurred during error reporting (printing heap information), id 0xc0000005, EXCEPTION_ACCESS_VIOLATION (0xc0000005) at pc=0x00007ffe0f78a629]

GC Heap History (0 events):
No events

Deoptimization events (0 events):
No events

Classes unloaded (0 events):
No events

Classes redefined (0 events):
No events

Internal exceptions (0 events):
No events

VM Operations (0 events):
No events

Events (1 events):
Event: 0.007 Loaded shared library C:\Program Files\Java\jdk-17.0.3.1\bin\java.dll


Dynamic libraries:
0x00007ff6f8330000 - 0x00007ff6f8340000 	C:\Program Files\Java\jdk-17.0.3.1\bin\java.exe
0x00007ffe43dc0000 - 0x00007ffe43fb0000 	C:\Windows\SYSTEM32\ntdll.dll
0x00007ffe41f80000 - 0x00007ffe42032000 	C:\Windows\System32\KERNEL32.DLL
0x00007ffe40e30000 - 0x00007ffe410d2000 	C:\Windows\System32\KERNELBASE.dll
0x00007ffe41100000 - 0x00007ffe411fa000 	C:\Windows\System32\ucrtbase.dll
0x00007ffe33da0000 - 0x00007ffe33db8000 	C:\Program Files\Java\jdk-17.0.3.1\bin\jli.dll
0x00007ffe30110000 - 0x00007ffe3012a000 	C:\Program Files\Java\jdk-17.0.3.1\bin\VCRUNTIME140.dll
0x00007ffe432b0000 - 0x00007ffe43353000 	C:\Windows\System32\ADVAPI32.dll
0x00007ffe42200000 - 0x00007ffe4229e000 	C:\Windows\System32\msvcrt.dll
0x00007ffe42160000 - 0x00007ffe421f7000 	C:\Windows\System32\sechost.dll
0x00007ffe42040000 - 0x00007ffe42160000 	C:\Windows\System32\RPCRT4.dll
0x00007ffe42c40000 - 0x00007ffe42dd3000 	C:\Windows\System32\USER32.dll
0x00007ffe412b0000 - 0x00007ffe412d1000 	C:\Windows\System32\win32u.dll
0x00007ffe43b20000 - 0x00007ffe43b46000 	C:\Windows\System32\GDI32.dll
0x00007ffe2eba0000 - 0x00007ffe2ee25000 	C:\Windows\WinSxS\amd64_microsoft.windows.common-controls_6595b64144ccf1df_6.0.18362.30_none_a1435978519dce7f\COMCTL32.dll
0x00007ffe41560000 - 0x00007ffe416f4000 	C:\Windows\System32\gdi32full.dll
0x00007ffe41430000 - 0x00007ffe414ce000 	C:\Windows\System32\msvcp_win.dll
0x00007ffe42900000 - 0x00007ffe42c36000 	C:\Windows\System32\combase.dll
0x00007ffe414d0000 - 0x00007ffe41551000 	C:\Windows\System32\bcryptPrimitives.dll
0x00007ffe37e30000 - 0x00007ffe37e3a000 	C:\Windows\SYSTEM32\VERSION.dll
0x00007ffe41f50000 - 0x00007ffe41f7e000 	C:\Windows\System32\IMM32.DLL
0x00007ffe3a3b0000 - 0x00007ffe3a3bc000 	C:\Program Files\Java\jdk-17.0.3.1\bin\vcruntime140_1.dll
0x00007ffe27900000 - 0x00007ffe2798d000 	C:\Program Files\Java\jdk-17.0.3.1\bin\msvcp140.dll
0x00007ffe0f0c0000 - 0x00007ffe0fc80000 	C:\Program Files\Java\jdk-17.0.3.1\bin\server\jvm.dll
0x00007ffe430f0000 - 0x00007ffe430f8000 	C:\Windows\System32\PSAPI.DLL
0x00007ffe3e840000 - 0x00007ffe3e864000 	C:\Windows\SYSTEM32\WINMM.dll
0x00007ffe33fd0000 - 0x00007ffe33fd9000 	C:\Windows\SYSTEM32\WSOCK32.dll
0x00007ffe42830000 - 0x00007ffe4289f000 	C:\Windows\System32\WS2_32.dll
0x00007ffe3e810000 - 0x00007ffe3e83d000 	C:\Windows\SYSTEM32\winmmbase.dll
0x00007ffe40d50000 - 0x00007ffe40d9a000 	C:\Windows\System32\cfgmgr32.dll
0x00007ffe40ce0000 - 0x00007ffe40cf1000 	C:\Windows\System32\kernel.appcore.dll
0x00007ffe33b90000 - 0x00007ffe33b9a000 	C:\Program Files\Java\jdk-17.0.3.1\bin\jimage.dll
0x00007ffe308f0000 - 0x00007ffe30ae4000 	C:\Windows\SYSTEM32\DBGHELP.DLL
0x00007ffe308c0000 - 0x00007ffe308ea000 	C:\Windows\SYSTEM32\dbgcore.DLL
0x00007ffe29680000 - 0x00007ffe296a5000 	C:\Program Files\Java\jdk-17.0.3.1\bin\java.dll

dbghelp: loaded successfully - version: 4.0.5 - missing functions: none
symbol engine: initialized successfully - sym options: 0x614 - pdb path: .;C:\Program Files\Java\jdk-17.0.3.1\bin;C:\Windows\SYSTEM32;C:\Windows\WinSxS\amd64_microsoft.windows.common-controls_6595b64144ccf1df_6.0.18362.30_none_a1435978519dce7f;C:\Program Files\Java\jdk-17.0.3.1\bin\server

VM Arguments:
jvm_args: -Dfile.encoding=UTF-8 --module-path=E:\doc\NetBeansProjects\Tourism Management System\build\classes 
java_command: DeleteDetails
java_class_path (initial): E:\;E:\c Drive\Download_k\mysql-connector-java-8.0.28.jar;E:\doc\NetBeansProjects\Tourism Management System\build\classes
Launcher Type: SUN_STANDARD

[Global flags]
     intx CICompilerCount                          = 3                                         {product} {ergonomic}
     uint ConcGCThreads                            = 1                                         {product} {ergonomic}
     uint G1ConcRefinementThreads                  = 4                                         {product} {ergonomic}
   size_t G1HeapRegionSize                         = 1048576                                   {product} {ergonomic}
    uintx GCDrainStackTargetSize                   = 64                                        {product} {ergonomic}
   size_t InitialHeapSize                          = 67108864                                  {product} {ergonomic}
   size_t MarkStackSize                            = 4194304                                   {product} {ergonomic}
   size_t MaxHeapSize                              = 1050673152                                {product} {ergonomic}
   size_t MinHeapDeltaBytes                        = 1048576                                   {product} {ergonomic}
   size_t MinHeapSize                              = 8388608                                   {product} {ergonomic}
    uintx NonNMethodCodeHeapSize                   = 5832780                                {pd product} {ergonomic}
    uintx NonProfiledCodeHeapSize                  = 122912730                              {pd product} {ergonomic}
    uintx ProfiledCodeHeapSize                     = 122912730                              {pd product} {ergonomic}
    uintx ReservedCodeCacheSize                    = 251658240                              {pd product} {ergonomic}
     bool SegmentedCodeCache                       = true                                      {product} {ergonomic}
   size_t SoftMaxHeapSize                          = 1050673152                             {manageable} {ergonomic}
     bool UseCompressedClassPointers               = true                           {product lp64_product} {ergonomic}
     bool UseCompressedOops                        = true                           {product lp64_product} {ergonomic}
     bool UseG1GC                                  = true                                      {product} {ergonomic}
     bool UseLargePagesIndividualAllocation        = false                                  {pd product} {ergonomic}

Logging:
Log output configuration:
 #0: stdout all=warning uptime,level,tags
 #1: stderr all=off uptime,level,tags

Environment Variables:
PATH=C:\Program Files\Common Files\Oracle\Java\javapath;C:\Windows\system32;C:\Windows;C:\Windows\System32\Wbem;C:\Windows\System32\WindowsPowerShell\v1.0\;C:\Windows\System32\OpenSSH\;C:\Program Files\Java\jdk-17.0.3.1\bin;C:\Program Files\MySQL\MySQL Shell 8.0\bin\;C:\Users\DELL\AppData\Local\Microsoft\WindowsApps;
USERNAME=DELL
OS=Windows_NT
PROCESSOR_IDENTIFIER=Intel64 Family 6 Model 58 Stepping 9, GenuineIntel



---------------  S Y S T E M  ---------------

OS:
 Windows 10 , 64 bit Build 18362 (10.0.18362.1)
OS uptime: 4 days 16:29 hours

CPU: total 4 (initial active 4) (2 cores per cpu, 2 threads per core) family 6 model 58 stepping 9 microcode 0x20, cx8, cmov, fxsr, ht, mmx, sse, sse2, sse3, ssse3, sse4.1, sse4.2, popcnt, tsc, tscinvbit, avx, aes, erms, clmul, vzeroupper, clflush

Memory: 4k page, system-wide physical 4001M (429M free)
TotalPageFile size 13929M (AvailPageFile size 36M)
current process WorkingSet (physical memory assigned to process): 9M, peak: 9M
current process commit charge ("private bytes"): 51M, peak: 115M

vm_info: Java HotSpot(TM) 64-Bit Server VM (17.0.3.1+2-LTS-6) for windows-amd64 JRE (17.0.3.1+2-LTS-6), built on Apr 25 2022 22:04:21 by "mach5one" with MS VC++ 16.8 / 16.9 (VS2019)

END.
